<?xml version="1.0" encoding="UTF-8"?>
<testng-results skipped="0" failed="0" total="3" passed="3">
  <reporter-output>
  </reporter-output>
  <suite name="Default suite" duration-ms="43" started-at="2016-02-15T11:59:59Z" finished-at="2016-02-15T11:59:59Z">
    <groups>
    </groups>
    <test name="Default test" duration-ms="43" started-at="2016-02-15T11:59:59Z" finished-at="2016-02-15T11:59:59Z">
      <class name="testEntity.testLibrary">
        <test-method status="PASS" signature="setUp()[pri:0, instance:testEntity.testLibrary@c39f790]" name="setUp" is-config="true" duration-ms="14" started-at="2016-02-15T14:59:59Z" finished-at="2016-02-15T14:59:59Z">
          <reporter-output>
          </reporter-output>
        </test-method> <!-- setUp -->
        <test-method status="PASS" signature="equalsTest()[pri:0, instance:testEntity.testLibrary@c39f790]" name="equalsTest" duration-ms="8" started-at="2016-02-15T14:59:59Z" finished-at="2016-02-15T14:59:59Z">
          <reporter-output>
          </reporter-output>
        </test-method> <!-- equalsTest -->
        <test-method status="PASS" signature="hashCodeTest()[pri:0, instance:testEntity.testLibrary@c39f790]" name="hashCodeTest" duration-ms="1" started-at="2016-02-15T14:59:59Z" finished-at="2016-02-15T14:59:59Z">
          <reporter-output>
          </reporter-output>
        </test-method> <!-- hashCodeTest -->
        <test-method status="PASS" signature="toStringTest()[pri:0, instance:testEntity.testLibrary@c39f790]" name="toStringTest" duration-ms="1" started-at="2016-02-15T14:59:59Z" finished-at="2016-02-15T14:59:59Z">
          <reporter-output>
          </reporter-output>
        </test-method> <!-- toStringTest -->
      </class> <!-- testEntity.testLibrary -->
    </test> <!-- Default test -->
  </suite> <!-- Default suite -->
</testng-results>
